{"/home/trainode7/express-server/__mocks__/db.ts": {"path":"/home/trainode7/express-server/__mocks__/db.ts","statementMap":{"0":{"start":{"line":1,"column":0},"end":{"line":1,"column":58}},"1":{"start":{"line":3,"column":34},"end":{"line":5,"column":2}},"2":{"start":{"line":7,"column":0},"end":{"line":16,"column":2}},"3":{"start":{"line":7,"column":26},"end":{"line":16,"column":2}},"4":{"start":{"line":9,"column":4},"end":{"line":9,"column":25}},"5":{"start":{"line":12,"column":2},"end":{"line":15,"column":4}}},"fnMap":{"0":{"name":"(anonymous_6)","decl":{"start":{"line":7,"column":15},"end":{"line":7,"column":24}},"loc":{"start":{"line":7,"column":26},"end":{"line":16,"column":2}}},"1":{"name":"(anonymous_7)","decl":{"start":{"line":7,"column":26},"end":{"line":7,"column":null}},"loc":{"start":{"line":7,"column":26},"end":{"line":16,"column":1}}}},"branchMap":{},"s":{"0":1,"1":1,"2":1,"3":1,"4":1,"5":1},"f":{"0":1,"1":1},"b":{}}
,"/home/trainode7/express-server/__test__/constants.ts": {"path":"/home/trainode7/express-server/__test__/constants.ts","statementMap":{"0":{"start":{"line":37,"column":9},"end":{"line":37,"column":11}},"1":{"start":{"line":37,"column":13},"end":{"line":37,"column":18}}},"fnMap":{},"branchMap":{},"s":{"0":1,"1":1},"f":{},"b":{}}
,"/home/trainode7/express-server/src/Server.ts": {"path":"/home/trainode7/express-server/src/Server.ts","statementMap":{"0":{"start":{"line":1,"column":0},"end":{"line":1,"column":42}},"1":{"start":{"line":2,"column":0},"end":{"line":2,"column":35}},"2":{"start":{"line":4,"column":0},"end":{"line":4,"column":63}},"3":{"start":{"line":5,"column":0},"end":{"line":5,"column":30}},"4":{"start":{"line":10,"column":22},"end":{"line":10,"column":37}},"5":{"start":{"line":11,"column":4},"end":{"line":11,"column":25}},"6":{"start":{"line":16,"column":6},"end":{"line":16,"column":28}},"7":{"start":{"line":17,"column":6},"end":{"line":17,"column":25}},"8":{"start":{"line":18,"column":6},"end":{"line":18,"column":18}},"9":{"start":{"line":20,"column":6},"end":{"line":20,"column":34}},"10":{"start":{"line":26,"column":6},"end":{"line":26,"column":38}},"11":{"start":{"line":28,"column":6},"end":{"line":28,"column":34}},"12":{"start":{"line":34,"column":6},"end":{"line":34,"column":32}},"13":{"start":{"line":35,"column":6},"end":{"line":35,"column":34}},"14":{"start":{"line":36,"column":6},"end":{"line":36,"column":33}},"15":{"start":{"line":38,"column":6},"end":{"line":38,"column":34}},"16":{"start":{"line":44,"column":31},"end":{"line":44,"column":52}},"17":{"start":{"line":45,"column":17},"end":{"line":45,"column":47}},"18":{"start":{"line":48,"column":8},"end":{"line":54,"column":11}},"19":{"start":{"line":50,"column":12},"end":{"line":50,"column":40}},"20":{"start":{"line":52,"column":12},"end":{"line":52,"column":62}},"21":{"start":{"line":55,"column":8},"end":{"line":55,"column":20}},"22":{"start":{"line":58,"column":6},"end":{"line":58,"column":34}},"23":{"start":{"line":63,"column":0},"end":{"line":63,"column":22}}},"fnMap":{"0":{"name":"(anonymous_6)","decl":{"start":{"line":10,"column":2},"end":{"line":10,"column":22}},"loc":{"start":{"line":10,"column":37},"end":{"line":12,"column":3}}},"1":{"name":"(anonymous_7)","decl":{"start":{"line":14,"column":9},"end":{"line":14,"column":18}},"loc":{"start":{"line":14,"column":18},"end":{"line":22,"column":3}}},"2":{"name":"(anonymous_8)","decl":{"start":{"line":24,"column":9},"end":{"line":24,"column":23}},"loc":{"start":{"line":24,"column":23},"end":{"line":30,"column":3}}},"3":{"name":"(anonymous_9)","decl":{"start":{"line":32,"column":9},"end":{"line":32,"column":20}},"loc":{"start":{"line":32,"column":20},"end":{"line":40,"column":3}}},"4":{"name":"(anonymous_12)","decl":{"start":{"line":48,"column":30},"end":{"line":48,"column":31}},"loc":{"start":{"line":48,"column":45},"end":{"line":54,"column":9}}}},"branchMap":{},"s":{"0":1,"1":1,"2":1,"3":1,"4":1,"5":1,"6":1,"7":1,"8":1,"9":0,"10":1,"11":0,"12":1,"13":1,"14":1,"15":0,"16":0,"17":0,"18":0,"19":0,"20":0,"21":0,"22":0,"23":1},"f":{"0":1,"1":1,"2":1,"3":1,"4":0},"b":{}}
,"/home/trainode7/express-server/src/router.ts": {"path":"/home/trainode7/express-server/src/router.ts","statementMap":{"0":{"start":{"line":1,"column":0},"end":{"line":1,"column":33}},"1":{"start":{"line":2,"column":0},"end":{"line":2,"column":58}},"2":{"start":{"line":4,"column":15},"end":{"line":4,"column":23}},"3":{"start":{"line":6,"column":0},"end":{"line":8,"column":28}},"4":{"start":{"line":10,"column":0},"end":{"line":10,"column":22}}},"fnMap":{},"branchMap":{},"s":{"0":1,"1":1,"2":1,"3":1,"4":1},"f":{},"b":{}}
,"/home/trainode7/express-server/src/config/configuration.ts": {"path":"/home/trainode7/express-server/src/config/configuration.ts","statementMap":{"0":{"start":{"line":1,"column":0},"end":{"line":1,"column":32}},"1":{"start":{"line":4,"column":0},"end":{"line":4,"column":9}},"2":{"start":{"line":5,"column":35},"end":{"line":5,"column":46}},"3":{"start":{"line":7,"column":31},"end":{"line":12,"column":2}},"4":{"start":{"line":14,"column":0},"end":{"line":14,"column":29}}},"fnMap":{},"branchMap":{},"s":{"0":1,"1":1,"2":1,"3":1,"4":1},"f":{},"b":{}}
,"/home/trainode7/express-server/src/config/index.ts": {"path":"/home/trainode7/express-server/src/config/index.ts","statementMap":{"0":{"start":{"line":1,"column":0},"end":{"line":1,"column":9}},"1":{"start":{"line":1,"column":9},"end":{"line":1,"column":27}},"2":{"start":{"line":2,"column":0},"end":{"line":2,"column":9}},"3":{"start":{"line":2,"column":9},"end":{"line":2,"column":26}}},"fnMap":{},"branchMap":{},"s":{"0":1,"1":1,"2":1,"3":1},"f":{},"b":{}}
,"/home/trainode7/express-server/src/controllers/index.ts": {"path":"/home/trainode7/express-server/src/controllers/index.ts","statementMap":{"0":{"start":{"line":1,"column":0},"end":{"line":1,"column":9}},"1":{"start":{"line":1,"column":9},"end":{"line":1,"column":24}},"2":{"start":{"line":1,"column":24},"end":{"line":1,"column":43}},"3":{"start":{"line":1,"column":43},"end":{"line":1,"column":80}},"4":{"start":{"line":2,"column":0},"end":{"line":2,"column":9}},"5":{"start":{"line":2,"column":9},"end":{"line":2,"column":21}},"6":{"start":{"line":2,"column":21},"end":{"line":2,"column":37}},"7":{"start":{"line":2,"column":37},"end":{"line":2,"column":68}}},"fnMap":{},"branchMap":{},"s":{"0":1,"1":1,"2":1,"3":1,"4":1,"5":1,"6":1,"7":1},"f":{},"b":{}}
,"/home/trainode7/express-server/src/controllers/trainee/Controller.ts": {"path":"/home/trainode7/express-server/src/controllers/trainee/Controller.ts","statementMap":{"0":{"start":{"line":2,"column":0},"end":{"line":2,"column":44}},"1":{"start":{"line":3,"column":0},"end":{"line":3,"column":55}},"2":{"start":{"line":8,"column":27},"end":{"line":8,"column":35}},"3":{"start":{"line":9,"column":19},"end":{"line":9,"column":31}},"4":{"start":{"line":10,"column":21},"end":{"line":10,"column":57}},"5":{"start":{"line":11,"column":6},"end":{"line":11,"column":86}},"6":{"start":{"line":13,"column":6},"end":{"line":17,"column":9}},"7":{"start":{"line":23,"column":21},"end":{"line":23,"column":31}},"8":{"start":{"line":24,"column":20},"end":{"line":24,"column":26}},"9":{"start":{"line":25,"column":21},"end":{"line":25,"column":59}},"10":{"start":{"line":26,"column":6},"end":{"line":26,"column":83}},"11":{"start":{"line":28,"column":6},"end":{"line":32,"column":9}},"12":{"start":{"line":38,"column":35},"end":{"line":38,"column":43}},"13":{"start":{"line":39,"column":20},"end":{"line":39,"column":26}},"14":{"start":{"line":40,"column":6},"end":{"line":40,"column":45}},"15":{"start":{"line":41,"column":6},"end":{"line":41,"column":61}},"16":{"start":{"line":42,"column":6},"end":{"line":42,"column":92}},"17":{"start":{"line":44,"column":6},"end":{"line":48,"column":9}},"18":{"start":{"line":54,"column":21},"end":{"line":54,"column":31}},"19":{"start":{"line":55,"column":20},"end":{"line":55,"column":26}},"20":{"start":{"line":56,"column":6},"end":{"line":56,"column":45}},"21":{"start":{"line":57,"column":6},"end":{"line":57,"column":47}},"22":{"start":{"line":58,"column":6},"end":{"line":58,"column":82}},"23":{"start":{"line":60,"column":6},"end":{"line":64,"column":9}},"24":{"start":{"line":70,"column":30},"end":{"line":70,"column":39}},"25":{"start":{"line":71,"column":21},"end":{"line":71,"column":62}},"26":{"start":{"line":72,"column":6},"end":{"line":72,"column":83}},"27":{"start":{"line":74,"column":6},"end":{"line":78,"column":9}},"28":{"start":{"line":83,"column":0},"end":{"line":83,"column":39}}},"fnMap":{},"branchMap":{},"s":{"0":1,"1":1,"2":0,"3":0,"4":0,"5":0,"6":0,"7":0,"8":0,"9":0,"10":0,"11":0,"12":0,"13":0,"14":0,"15":0,"16":0,"17":0,"18":0,"19":0,"20":0,"21":0,"22":0,"23":0,"24":0,"25":0,"26":0,"27":0,"28":1},"f":{},"b":{}}
,"/home/trainode7/express-server/src/controllers/trainee/index.ts": {"path":"/home/trainode7/express-server/src/controllers/trainee/index.ts","statementMap":{"0":{"start":{"line":1,"column":0},"end":{"line":1,"column":9}},"1":{"start":{"line":1,"column":9},"end":{"line":1,"column":33}},"2":{"start":{"line":2,"column":0},"end":{"line":2,"column":9}},"3":{"start":{"line":2,"column":9},"end":{"line":2,"column":37}},"4":{"start":{"line":3,"column":0},"end":{"line":3,"column":9}},"5":{"start":{"line":3,"column":9},"end":{"line":3,"column":37}}},"fnMap":{},"branchMap":{},"s":{"0":1,"1":1,"2":1,"3":1,"4":1,"5":1},"f":{},"b":{}}
,"/home/trainode7/express-server/src/controllers/trainee/routes.ts": {"path":"/home/trainode7/express-server/src/controllers/trainee/routes.ts","statementMap":{"0":{"start":{"line":1,"column":0},"end":{"line":1,"column":33}},"1":{"start":{"line":2,"column":0},"end":{"line":2,"column":100}},"2":{"start":{"line":3,"column":0},"end":{"line":3,"column":45}},"3":{"start":{"line":4,"column":0},"end":{"line":4,"column":45}},"4":{"start":{"line":6,"column":22},"end":{"line":6,"column":30}},"5":{"start":{"line":8,"column":0},"end":{"line":38,"column":4}},"6":{"start":{"line":40,"column":0},"end":{"line":40,"column":29}}},"fnMap":{},"branchMap":{},"s":{"0":1,"1":1,"2":1,"3":1,"4":1,"5":1,"6":1},"f":{},"b":{}}
,"/home/trainode7/express-server/src/controllers/trainee/validation.ts": {"path":"/home/trainode7/express-server/src/controllers/trainee/validation.ts","statementMap":{"0":{"start":{"line":62,"column":0},"end":{"line":62,"column":33}}},"fnMap":{},"branchMap":{},"s":{"0":1},"f":{},"b":{}}
,"/home/trainode7/express-server/src/controllers/user/Controller.ts": {"path":"/home/trainode7/express-server/src/controllers/user/Controller.ts","statementMap":{"0":{"start":{"line":1,"column":0},"end":{"line":1,"column":33}},"1":{"start":{"line":3,"column":0},"end":{"line":3,"column":36}},"2":{"start":{"line":4,"column":0},"end":{"line":4,"column":38}},"3":{"start":{"line":5,"column":0},"end":{"line":5,"column":44}},"4":{"start":{"line":6,"column":0},"end":{"line":6,"column":52}},"5":{"start":{"line":11,"column":46},"end":{"line":11,"column":54}},"6":{"start":{"line":12,"column":19},"end":{"line":12,"column":50}},"7":{"start":{"line":13,"column":21},"end":{"line":13,"column":54}},"8":{"start":{"line":14,"column":6},"end":{"line":14,"column":81}},"9":{"start":{"line":16,"column":6},"end":{"line":20,"column":9}},"10":{"start":{"line":26,"column":21},"end":{"line":26,"column":31}},"11":{"start":{"line":27,"column":21},"end":{"line":27,"column":53}},"12":{"start":{"line":28,"column":6},"end":{"line":28,"column":78}},"13":{"start":{"line":30,"column":6},"end":{"line":34,"column":9}},"14":{"start":{"line":40,"column":35},"end":{"line":40,"column":43}},"15":{"start":{"line":41,"column":21},"end":{"line":41,"column":66}},"16":{"start":{"line":42,"column":6},"end":{"line":42,"column":81}},"17":{"start":{"line":44,"column":6},"end":{"line":48,"column":9}},"18":{"start":{"line":54,"column":21},"end":{"line":54,"column":31}},"19":{"start":{"line":55,"column":6},"end":{"line":55,"column":38}},"20":{"start":{"line":56,"column":6},"end":{"line":56,"column":77}},"21":{"start":{"line":58,"column":6},"end":{"line":62,"column":9}},"22":{"start":{"line":68,"column":30},"end":{"line":68,"column":39}},"23":{"start":{"line":69,"column":20},"end":{"line":69,"column":35}},"24":{"start":{"line":70,"column":21},"end":{"line":70,"column":53}},"25":{"start":{"line":71,"column":6},"end":{"line":71,"column":78}},"26":{"start":{"line":73,"column":6},"end":{"line":77,"column":9}},"27":{"start":{"line":83,"column":34},"end":{"line":83,"column":42}},"28":{"start":{"line":84,"column":21},"end":{"line":84,"column":59}},"29":{"start":{"line":85,"column":19},"end":{"line":85,"column":34}},"30":{"start":{"line":86,"column":20},"end":{"line":86,"column":49}},"31":{"start":{"line":88,"column":8},"end":{"line":88,"column":47}},"32":{"start":{"line":95,"column":30},"end":{"line":95,"column":36}},"33":{"start":{"line":96,"column":20},"end":{"line":96,"column":70}},"34":{"start":{"line":97,"column":6},"end":{"line":97,"column":53}},"35":{"start":{"line":99,"column":6},"end":{"line":103,"column":9}},"36":{"start":{"line":109,"column":23},"end":{"line":109,"column":31}},"37":{"start":{"line":110,"column":6},"end":{"line":110,"column":76}},"38":{"start":{"line":112,"column":6},"end":{"line":116,"column":9}},"39":{"start":{"line":121,"column":0},"end":{"line":121,"column":36}}},"fnMap":{},"branchMap":{},"s":{"0":1,"1":1,"2":1,"3":1,"4":1,"5":2,"6":2,"7":2,"8":2,"9":0,"10":3,"11":3,"12":3,"13":0,"14":2,"15":2,"16":2,"17":0,"18":1,"19":1,"20":1,"21":0,"22":3,"23":3,"24":3,"25":3,"26":0,"27":4,"28":4,"29":3,"30":3,"31":0,"32":3,"33":3,"34":3,"35":1,"36":3,"37":3,"38":0,"39":1},"f":{},"b":{}}
,"/home/trainode7/express-server/src/controllers/user/index.ts": {"path":"/home/trainode7/express-server/src/controllers/user/index.ts","statementMap":{"0":{"start":{"line":1,"column":0},"end":{"line":1,"column":9}},"1":{"start":{"line":1,"column":9},"end":{"line":1,"column":30}},"2":{"start":{"line":2,"column":0},"end":{"line":2,"column":9}},"3":{"start":{"line":2,"column":9},"end":{"line":2,"column":34}},"4":{"start":{"line":3,"column":0},"end":{"line":3,"column":9}},"5":{"start":{"line":3,"column":9},"end":{"line":3,"column":34}}},"fnMap":{},"branchMap":{},"s":{"0":1,"1":1,"2":1,"3":1,"4":1,"5":1},"f":{},"b":{}}
,"/home/trainode7/express-server/src/controllers/user/routes.ts": {"path":"/home/trainode7/express-server/src/controllers/user/routes.ts","statementMap":{"0":{"start":{"line":1,"column":0},"end":{"line":1,"column":33}},"1":{"start":{"line":2,"column":0},"end":{"line":2,"column":97}},"2":{"start":{"line":3,"column":0},"end":{"line":3,"column":42}},"3":{"start":{"line":4,"column":0},"end":{"line":4,"column":42}},"4":{"start":{"line":6,"column":19},"end":{"line":6,"column":27}},"5":{"start":{"line":8,"column":0},"end":{"line":48,"column":4}},"6":{"start":{"line":50,"column":0},"end":{"line":50,"column":26}}},"fnMap":{},"branchMap":{},"s":{"0":1,"1":1,"2":1,"3":1,"4":1,"5":1,"6":1},"f":{},"b":{}}
,"/home/trainode7/express-server/src/controllers/user/validation.ts": {"path":"/home/trainode7/express-server/src/controllers/user/validation.ts","statementMap":{"0":{"start":{"line":90,"column":0},"end":{"line":90,"column":30}}},"fnMap":{},"branchMap":{},"s":{"0":1},"f":{},"b":{}}
,"/home/trainode7/express-server/src/libs/Database.ts": {"path":"/home/trainode7/express-server/src/libs/Database.ts","statementMap":{"0":{"start":{"line":1,"column":0},"end":{"line":1,"column":47}},"1":{"start":{"line":2,"column":0},"end":{"line":2,"column":34}},"2":{"start":{"line":6,"column":4},"end":{"line":16,"column":7}},"3":{"start":{"line":7,"column":6},"end":{"line":15,"column":9}},"4":{"start":{"line":9,"column":8},"end":{"line":9,"column":57}},"5":{"start":{"line":10,"column":8},"end":{"line":10,"column":19}},"6":{"start":{"line":11,"column":8},"end":{"line":11,"column":58}},"7":{"start":{"line":14,"column":8},"end":{"line":14,"column":36}},"8":{"start":{"line":20,"column":4},"end":{"line":20,"column":17}},"9":{"start":{"line":4,"column":0},"end":{"line":4,"column":21}}},"fnMap":{"0":{"name":"(anonymous_8)","decl":{"start":{"line":6,"column":23},"end":{"line":6,"column":24}},"loc":{"start":{"line":6,"column":43},"end":{"line":16,"column":5}}},"1":{"name":"(anonymous_9)","decl":{"start":{"line":8,"column":12},"end":{"line":8,"column":15}},"loc":{"start":{"line":8,"column":17},"end":{"line":12,"column":7}}},"2":{"name":"(anonymous_10)","decl":{"start":{"line":13,"column":13},"end":{"line":13,"column":14}},"loc":{"start":{"line":13,"column":21},"end":{"line":15,"column":7}}},"3":{"name":"(anonymous_11)","decl":{"start":{"line":19,"column":9},"end":{"line":19,"column":15}},"loc":{"start":{"line":19,"column":21},"end":{"line":21,"column":3}}}},"branchMap":{},"s":{"0":1,"1":1,"2":0,"3":0,"4":0,"5":0,"6":0,"7":0,"8":0,"9":1},"f":{"0":0,"1":0,"2":0,"3":0},"b":{}}
,"/home/trainode7/express-server/src/libs/constants.ts": {"path":"/home/trainode7/express-server/src/libs/constants.ts","statementMap":{"0":{"start":{"line":3,"column":31},"end":{"line":3,"column":40}},"1":{"start":{"line":28,"column":22},"end":{"line":28,"column":36}},"2":{"start":{"line":4,"column":28},"end":{"line":4,"column":34}},"3":{"start":{"line":28,"column":38},"end":{"line":28,"column":49}},"4":{"start":{"line":5,"column":29},"end":{"line":5,"column":43}},"5":{"start":{"line":6,"column":24},"end":{"line":6,"column":33}},"6":{"start":{"line":7,"column":24},"end":{"line":7,"column":33}},"7":{"start":{"line":8,"column":21},"end":{"line":8,"column":27}},"8":{"start":{"line":28,"column":51},"end":{"line":28,"column":55}},"9":{"start":{"line":9,"column":22},"end":{"line":9,"column":29}},"10":{"start":{"line":28,"column":57},"end":{"line":28,"column":62}},"11":{"start":{"line":10,"column":23},"end":{"line":10,"column":31}},"12":{"start":{"line":28,"column":64},"end":{"line":28,"column":70}},"13":{"start":{"line":28,"column":9},"end":{"line":28,"column":20}}},"fnMap":{},"branchMap":{},"s":{"0":1,"1":1,"2":1,"3":1,"4":1,"5":1,"6":1,"7":1,"8":1,"9":1,"10":1,"11":1,"12":1,"13":1},"f":{},"b":{}}
,"/home/trainode7/express-server/src/libs/index.ts": {"path":"/home/trainode7/express-server/src/libs/index.ts","statementMap":{"0":{"start":{"line":1,"column":0},"end":{"line":1,"column":null}},"1":{"start":{"line":2,"column":2},"end":{"line":2,"column":null}},"2":{"start":{"line":3,"column":2},"end":{"line":3,"column":null}},"3":{"start":{"line":4,"column":2},"end":{"line":4,"column":null}},"4":{"start":{"line":5,"column":2},"end":{"line":5,"column":null}},"5":{"start":{"line":6,"column":2},"end":{"line":6,"column":null}},"6":{"start":{"line":7,"column":2},"end":{"line":7,"column":null}},"7":{"start":{"line":10,"column":0},"end":{"line":10,"column":9}},"8":{"start":{"line":10,"column":9},"end":{"line":10,"column":22}},"9":{"start":{"line":10,"column":22},"end":{"line":10,"column":38}},"10":{"start":{"line":10,"column":38},"end":{"line":10,"column":51}},"11":{"start":{"line":10,"column":51},"end":{"line":10,"column":57}},"12":{"start":{"line":10,"column":57},"end":{"line":10,"column":64}},"13":{"start":{"line":10,"column":64},"end":{"line":10,"column":92}},"14":{"start":{"line":11,"column":0},"end":{"line":11,"column":9}},"15":{"start":{"line":11,"column":9},"end":{"line":11,"column":28}},"16":{"start":{"line":12,"column":0},"end":{"line":12,"column":9}},"17":{"start":{"line":12,"column":9},"end":{"line":12,"column":28}}},"fnMap":{},"branchMap":{},"s":{"0":1,"1":1,"2":1,"3":1,"4":1,"5":1,"6":1,"7":1,"8":1,"9":1,"10":1,"11":1,"12":1,"13":1,"14":1,"15":1,"16":1,"17":1},"f":{},"b":{}}
,"/home/trainode7/express-server/src/libs/seedData.ts": {"path":"/home/trainode7/express-server/src/libs/seedData.ts","statementMap":{"0":{"start":{"line":1,"column":0},"end":{"line":1,"column":30}},"1":{"start":{"line":2,"column":0},"end":{"line":2,"column":35}},"2":{"start":{"line":3,"column":0},"end":{"line":3,"column":49}},"3":{"start":{"line":5,"column":0},"end":{"line":34,"column":2}},"4":{"start":{"line":5,"column":26},"end":{"line":34,"column":2}},"5":{"start":{"line":6,"column":20},"end":{"line":6,"column":57}},"6":{"start":{"line":8,"column":22},"end":{"line":8,"column":24}},"7":{"start":{"line":30,"column":4},"end":{"line":30,"column":39}},"8":{"start":{"line":31,"column":4},"end":{"line":31,"column":39}},"9":{"start":{"line":32,"column":4},"end":{"line":32,"column":39}}},"fnMap":{"0":{"name":"(anonymous_6)","decl":{"start":{"line":5,"column":15},"end":{"line":5,"column":24}},"loc":{"start":{"line":5,"column":26},"end":{"line":34,"column":2}}},"1":{"name":"(anonymous_7)","decl":{"start":{"line":5,"column":26},"end":{"line":5,"column":null}},"loc":{"start":{"line":5,"column":26},"end":{"line":34,"column":1}}}},"branchMap":{},"s":{"0":1,"1":1,"2":1,"3":1,"4":1,"5":1,"6":1,"7":1,"8":1,"9":1},"f":{"0":1,"1":1},"b":{}}
,"/home/trainode7/express-server/src/libs/routes/authMiddleWare.ts": {"path":"/home/trainode7/express-server/src/libs/routes/authMiddleWare.ts","statementMap":{"0":{"start":{"line":2,"column":0},"end":{"line":2,"column":38}},"1":{"start":{"line":3,"column":0},"end":{"line":3,"column":38}},"2":{"start":{"line":4,"column":0},"end":{"line":4,"column":52}},"3":{"start":{"line":5,"column":0},"end":{"line":5,"column":41}},"4":{"start":{"line":7,"column":0},"end":{"line":45,"column":2}},"5":{"start":{"line":7,"column":63},"end":{"line":45,"column":1}},"6":{"start":{"line":8,"column":24},"end":{"line":8,"column":49}},"7":{"start":{"line":12,"column":28},"end":{"line":12,"column":34}},"8":{"start":{"line":13,"column":4},"end":{"line":13,"column":40}},"9":{"start":{"line":15,"column":4},"end":{"line":19,"column":7}},"10":{"start":{"line":22,"column":26},"end":{"line":22,"column":32}},"11":{"start":{"line":25,"column":4},"end":{"line":25,"column":37}},"12":{"start":{"line":27,"column":4},"end":{"line":31,"column":7}},"13":{"start":{"line":35,"column":4},"end":{"line":39,"column":7}},"14":{"start":{"line":42,"column":2},"end":{"line":42,"column":25}},"15":{"start":{"line":44,"column":2},"end":{"line":44,"column":9}}},"fnMap":{"0":{"name":"(anonymous_0)","decl":{"start":{"line":7,"column":15},"end":{"line":7,"column":16}},"loc":{"start":{"line":7,"column":63},"end":{"line":45,"column":1}}},"1":{"name":"(anonymous_1)","decl":{"start":{"line":7,"column":63},"end":{"line":7,"column":64}},"loc":{"start":{"line":7,"column":115},"end":{"line":45,"column":1}}}},"branchMap":{},"s":{"0":1,"1":1,"2":1,"3":1,"4":1,"5":11,"6":18,"7":18,"8":18,"9":0,"10":18,"11":18,"12":0,"13":4,"14":14,"15":14},"f":{"0":11,"1":18},"b":{}}
,"/home/trainode7/express-server/src/libs/routes/errorHandler.ts": {"path":"/home/trainode7/express-server/src/libs/routes/errorHandler.ts","statementMap":{"0":{"start":{"line":3,"column":0},"end":{"line":14,"column":2}},"1":{"start":{"line":4,"column":37},"end":{"line":4,"column":40}},"2":{"start":{"line":12,"column":2},"end":{"line":12,"column":34}},"3":{"start":{"line":13,"column":2},"end":{"line":13,"column":9}}},"fnMap":{"0":{"name":"(anonymous_0)","decl":{"start":{"line":3,"column":15},"end":{"line":3,"column":16}},"loc":{"start":{"line":3,"column":79},"end":{"line":14,"column":1}}}},"branchMap":{"0":{"loc":{"start":{"line":6,"column":11},"end":{"line":6,"column":16}},"type":"binary-expr","locations":[{"start":{"line":6,"column":11},"end":{"line":6,"column":16}},{"start":{"line":6,"column":20},"end":{"line":6,"column":31}}]},"1":{"loc":{"start":{"line":7,"column":13},"end":{"line":7,"column":20}},"type":"binary-expr","locations":[{"start":{"line":7,"column":13},"end":{"line":7,"column":20}},{"start":{"line":7,"column":24},"end":{"line":7,"column":39}}]},"2":{"loc":{"start":{"line":8,"column":12},"end":{"line":8,"column":18}},"type":"binary-expr","locations":[{"start":{"line":8,"column":12},"end":{"line":8,"column":18}},{"start":{"line":8,"column":22},"end":{"line":8,"column":25}}]}},"s":{"0":1,"1":7,"2":7,"3":7},"f":{"0":7},"b":{"0":[7,0],"1":[7,0],"2":[7,0]}}
,"/home/trainode7/express-server/src/libs/routes/index.ts": {"path":"/home/trainode7/express-server/src/libs/routes/index.ts","statementMap":{"0":{"start":{"line":1,"column":0},"end":{"line":1,"column":9}},"1":{"start":{"line":1,"column":9},"end":{"line":1,"column":33}},"2":{"start":{"line":2,"column":0},"end":{"line":2,"column":9}},"3":{"start":{"line":2,"column":9},"end":{"line":2,"column":32}},"4":{"start":{"line":3,"column":0},"end":{"line":3,"column":9}},"5":{"start":{"line":3,"column":9},"end":{"line":3,"column":34}},"6":{"start":{"line":4,"column":0},"end":{"line":4,"column":9}},"7":{"start":{"line":4,"column":9},"end":{"line":4,"column":37}},"8":{"start":{"line":5,"column":0},"end":{"line":5,"column":9}},"9":{"start":{"line":5,"column":9},"end":{"line":5,"column":34}},"10":{"start":{"line":6,"column":0},"end":{"line":6,"column":9}},"11":{"start":{"line":6,"column":9},"end":{"line":6,"column":33}}},"fnMap":{},"branchMap":{},"s":{"0":1,"1":1,"2":1,"3":1,"4":1,"5":1,"6":1,"7":1,"8":1,"9":1,"10":1,"11":1},"f":{},"b":{}}
,"/home/trainode7/express-server/src/libs/routes/notFoundRoute.ts": {"path":"/home/trainode7/express-server/src/libs/routes/notFoundRoute.ts","statementMap":{"0":{"start":{"line":3,"column":0},"end":{"line":9,"column":2}},"1":{"start":{"line":4,"column":2},"end":{"line":8,"column":5}}},"fnMap":{"0":{"name":"(anonymous_0)","decl":{"start":{"line":3,"column":15},"end":{"line":3,"column":16}},"loc":{"start":{"line":3,"column":67},"end":{"line":9,"column":1}}}},"branchMap":{},"s":{"0":1,"1":1},"f":{"0":1},"b":{}}
,"/home/trainode7/express-server/src/libs/routes/permission.ts": {"path":"/home/trainode7/express-server/src/libs/routes/permission.ts","statementMap":{"0":{"start":{"line":1,"column":0},"end":{"line":1,"column":43}},"1":{"start":{"line":4,"column":22},"end":{"line":4,"column":27}},"2":{"start":{"line":7,"column":4},"end":{"line":7,"column":16}},"3":{"start":{"line":9,"column":4},"end":{"line":9,"column":17}},"4":{"start":{"line":3,"column":0},"end":{"line":3,"column":24}}},"fnMap":{"0":{"name":"hasPermission","decl":{"start":{"line":3,"column":24},"end":{"line":3,"column":37}},"loc":{"start":{"line":3,"column":94},"end":{"line":11,"column":1}}}},"branchMap":{"0":{"loc":{"start":{"line":5,"column":6},"end":{"line":5,"column":29}},"type":"binary-expr","locations":[{"start":{"line":5,"column":6},"end":{"line":5,"column":29}},{"start":{"line":5,"column":34},"end":{"line":5,"column":77}},{"start":{"line":6,"column":4},"end":{"line":6,"column":58}}]}},"s":{"0":1,"1":18,"2":14,"3":4,"4":1},"f":{"0":18},"b":{"0":[18,18,12]}}
,"/home/trainode7/express-server/src/libs/routes/successHandler.ts": {"path":"/home/trainode7/express-server/src/libs/routes/successHandler.ts","statementMap":{"0":{"start":{"line":1,"column":0},"end":{"line":6,"column":3}}},"fnMap":{},"branchMap":{"0":{"loc":{"start":{"line":3,"column":11},"end":{"line":3,"column":18}},"type":"binary-expr","locations":[{"start":{"line":3,"column":11},"end":{"line":3,"column":18}},{"start":{"line":3,"column":22},"end":{"line":3,"column":31}}]},"1":{"loc":{"start":{"line":4,"column":10},"end":{"line":4,"column":16}},"type":"binary-expr","locations":[{"start":{"line":4,"column":10},"end":{"line":4,"column":16}},{"start":{"line":4,"column":20},"end":{"line":4,"column":23}}]}},"s":{"0":1},"f":{},"b":{"0":[14,0],"1":[14,0]}}
,"/home/trainode7/express-server/src/libs/routes/validationHandler.ts": {"path":"/home/trainode7/express-server/src/libs/routes/validationHandler.ts","statementMap":{"0":{"start":{"line":3,"column":0},"end":{"line":81,"column":2}},"1":{"start":{"line":3,"column":27},"end":{"line":81,"column":1}},"2":{"start":{"line":4,"column":15},"end":{"line":4,"column":34}},"3":{"start":{"line":5,"column":2},"end":{"line":78,"column":5}},"4":{"start":{"line":6,"column":18},"end":{"line":6,"column":29}},"5":{"start":{"line":7,"column":18},"end":{"line":9,"column":6}},"6":{"start":{"line":8,"column":6},"end":{"line":8,"column":28}},"7":{"start":{"line":10,"column":27},"end":{"line":10,"column":60}},"8":{"start":{"line":10,"column":55},"end":{"line":10,"column":59}},"9":{"start":{"line":14,"column":8},"end":{"line":18,"column":11}},"10":{"start":{"line":24,"column":8},"end":{"line":28,"column":11}},"11":{"start":{"line":34,"column":8},"end":{"line":38,"column":11}},"12":{"start":{"line":44,"column":22},"end":{"line":44,"column":41}},"13":{"start":{"line":46,"column":10},"end":{"line":50,"column":13}},"14":{"start":{"line":57,"column":8},"end":{"line":61,"column":11}},"15":{"start":{"line":67,"column":8},"end":{"line":69,"column":11}},"16":{"start":{"line":68,"column":10},"end":{"line":68,"column":41}},"17":{"start":{"line":75,"column":8},"end":{"line":75,"column":40}},"18":{"start":{"line":80,"column":2},"end":{"line":80,"column":9}}},"fnMap":{"0":{"name":"(anonymous_0)","decl":{"start":{"line":3,"column":15},"end":{"line":3,"column":16}},"loc":{"start":{"line":3,"column":27},"end":{"line":81,"column":1}}},"1":{"name":"(anonymous_1)","decl":{"start":{"line":3,"column":27},"end":{"line":3,"column":28}},"loc":{"start":{"line":3,"column":79},"end":{"line":81,"column":1}}},"2":{"name":"(anonymous_2)","decl":{"start":{"line":5,"column":15},"end":{"line":5,"column":16}},"loc":{"start":{"line":5,"column":23},"end":{"line":78,"column":3}}},"3":{"name":"(anonymous_3)","decl":{"start":{"line":7,"column":31},"end":{"line":7,"column":32}},"loc":{"start":{"line":7,"column":48},"end":{"line":9,"column":5}}},"4":{"name":"(anonymous_4)","decl":{"start":{"line":10,"column":40},"end":{"line":10,"column":41}},"loc":{"start":{"line":10,"column":55},"end":{"line":10,"column":59}}},"5":{"name":"(anonymous_5)","decl":{"start":{"line":67,"column":21},"end":{"line":67,"column":22}},"loc":{"start":{"line":67,"column":38},"end":{"line":69,"column":9}}}},"branchMap":{"0":{"loc":{"start":{"line":12,"column":8},"end":{"line":12,"column":13}},"type":"binary-expr","locations":[{"start":{"line":12,"column":8},"end":{"line":12,"column":13}},{"start":{"line":12,"column":17},"end":{"line":12,"column":31}}]},"1":{"loc":{"start":{"line":22,"column":8},"end":{"line":22,"column":13}},"type":"binary-expr","locations":[{"start":{"line":22,"column":8},"end":{"line":22,"column":13}},{"start":{"line":22,"column":17},"end":{"line":22,"column":29}}]},"2":{"loc":{"start":{"line":23,"column":10},"end":{"line":23,"column":27}},"type":"binary-expr","locations":[{"start":{"line":23,"column":10},"end":{"line":23,"column":27}},{"start":{"line":23,"column":31},"end":{"line":23,"column":68}}]},"3":{"loc":{"start":{"line":32,"column":8},"end":{"line":32,"column":13}},"type":"binary-expr","locations":[{"start":{"line":32,"column":8},"end":{"line":32,"column":13}},{"start":{"line":32,"column":17},"end":{"line":32,"column":29}}]},"4":{"loc":{"start":{"line":33,"column":10},"end":{"line":33,"column":27}},"type":"binary-expr","locations":[{"start":{"line":33,"column":10},"end":{"line":33,"column":27}},{"start":{"line":33,"column":31},"end":{"line":33,"column":55}}]},"5":{"loc":{"start":{"line":42,"column":8},"end":{"line":42,"column":13}},"type":"binary-expr","locations":[{"start":{"line":42,"column":8},"end":{"line":42,"column":13}},{"start":{"line":42,"column":17},"end":{"line":42,"column":28}}]},"6":{"loc":{"start":{"line":55,"column":8},"end":{"line":55,"column":13}},"type":"binary-expr","locations":[{"start":{"line":55,"column":8},"end":{"line":55,"column":13}},{"start":{"line":55,"column":17},"end":{"line":55,"column":31}}]},"7":{"loc":{"start":{"line":56,"column":10},"end":{"line":56,"column":27}},"type":"binary-expr","locations":[{"start":{"line":56,"column":10},"end":{"line":56,"column":27}},{"start":{"line":56,"column":31},"end":{"line":56,"column":68}}]},"8":{"loc":{"start":{"line":65,"column":8},"end":{"line":65,"column":13}},"type":"binary-expr","locations":[{"start":{"line":65,"column":8},"end":{"line":65,"column":13}},{"start":{"line":65,"column":17},"end":{"line":65,"column":30}}]},"9":{"loc":{"start":{"line":73,"column":8},"end":{"line":73,"column":13}},"type":"binary-expr","locations":[{"start":{"line":73,"column":8},"end":{"line":73,"column":13}},{"start":{"line":73,"column":17},"end":{"line":73,"column":29}}]}},"s":{"0":1,"1":11,"2":20,"3":20,"4":40,"5":40,"6":40,"7":40,"8":40,"9":0,"10":0,"11":0,"12":11,"13":1,"14":0,"15":3,"16":3,"17":0,"18":20},"f":{"0":11,"1":20,"2":40,"3":40,"4":40,"5":3},"b":{"0":[40,40],"1":[40,40],"2":[25,25],"3":[40,40],"4":[6,0],"5":[40,40],"6":[39,39],"7":[3,3],"8":[39,39],"9":[39,39]}}
,"/home/trainode7/express-server/src/repositories/index.ts": {"path":"/home/trainode7/express-server/src/repositories/index.ts","statementMap":{"0":{"start":{"line":1,"column":0},"end":{"line":1,"column":9}},"1":{"start":{"line":1,"column":9},"end":{"line":1,"column":24}},"2":{"start":{"line":1,"column":24},"end":{"line":1,"column":38}},"3":{"start":{"line":1,"column":38},"end":{"line":1,"column":75}},"4":{"start":{"line":2,"column":0},"end":{"line":2,"column":9}},"5":{"start":{"line":2,"column":9},"end":{"line":2,"column":21}},"6":{"start":{"line":2,"column":21},"end":{"line":2,"column":32}},"7":{"start":{"line":2,"column":32},"end":{"line":2,"column":63}},"8":{"start":{"line":3,"column":0},"end":{"line":3,"column":9}},"9":{"start":{"line":3,"column":9},"end":{"line":3,"column":32}},"10":{"start":{"line":3,"column":32},"end":{"line":3,"column":73}}},"fnMap":{},"branchMap":{},"s":{"0":1,"1":1,"2":1,"3":1,"4":1,"5":1,"6":1,"7":1,"8":1,"9":1,"10":1},"f":{},"b":{}}
,"/home/trainode7/express-server/src/repositories/trainee/TraineeModel.ts": {"path":"/home/trainode7/express-server/src/repositories/trainee/TraineeModel.ts","statementMap":{"0":{"start":{"line":1,"column":0},"end":{"line":1,"column":33}},"1":{"start":{"line":2,"column":0},"end":{"line":2,"column":44}},"2":{"start":{"line":4,"column":21},"end":{"line":4,"column":53}},"3":{"start":{"line":6,"column":0},"end":{"line":6,"column":28}}},"fnMap":{},"branchMap":{},"s":{"0":1,"1":1,"2":1,"3":1},"f":{},"b":{}}
,"/home/trainode7/express-server/src/repositories/trainee/TraineeRepository.ts": {"path":"/home/trainode7/express-server/src/repositories/trainee/TraineeRepository.ts","statementMap":{"0":{"start":{"line":1,"column":0},"end":{"line":1,"column":42}},"1":{"start":{"line":5,"column":4},"end":{"line":5,"column":43}},"2":{"start":{"line":9,"column":4},"end":{"line":9,"column":61}},"3":{"start":{"line":13,"column":19},"end":{"line":13,"column":52}},"4":{"start":{"line":15,"column":6},"end":{"line":15,"column":24}},"5":{"start":{"line":17,"column":4},"end":{"line":17,"column":18}},"6":{"start":{"line":21,"column":4},"end":{"line":21,"column":53}},"7":{"start":{"line":25,"column":4},"end":{"line":25,"column":47}},"8":{"start":{"line":29,"column":0},"end":{"line":29,"column":39}}},"fnMap":{},"branchMap":{},"s":{"0":1,"1":0,"2":0,"3":0,"4":0,"5":0,"6":0,"7":0,"8":1},"f":{},"b":{}}
,"/home/trainode7/express-server/src/repositories/trainee/TraineeSchema.ts": {"path":"/home/trainode7/express-server/src/repositories/trainee/TraineeSchema.ts","statementMap":{"0":{"start":{"line":1,"column":0},"end":{"line":1,"column":34}},"1":{"start":{"line":3,"column":22},"end":{"line":9,"column":2}},"2":{"start":{"line":11,"column":0},"end":{"line":11,"column":29}}},"fnMap":{},"branchMap":{},"s":{"0":1,"1":1,"2":1},"f":{},"b":{}}
,"/home/trainode7/express-server/src/repositories/trainee/index.ts": {"path":"/home/trainode7/express-server/src/repositories/trainee/index.ts","statementMap":{"0":{"start":{"line":1,"column":0},"end":{"line":1,"column":9}},"1":{"start":{"line":1,"column":9},"end":{"line":1,"column":33}},"2":{"start":{"line":2,"column":0},"end":{"line":2,"column":9}},"3":{"start":{"line":2,"column":9},"end":{"line":2,"column":32}},"4":{"start":{"line":3,"column":0},"end":{"line":3,"column":9}},"5":{"start":{"line":3,"column":9},"end":{"line":3,"column":37}}},"fnMap":{},"branchMap":{},"s":{"0":1,"1":1,"2":1,"3":1,"4":1,"5":1},"f":{},"b":{}}
,"/home/trainode7/express-server/src/repositories/user/UserRepository.ts": {"path":"/home/trainode7/express-server/src/repositories/user/UserRepository.ts","statementMap":{"0":{"start":{"line":1,"column":0},"end":{"line":1,"column":55}},"1":{"start":{"line":2,"column":0},"end":{"line":2,"column":36}},"2":{"start":{"line":6,"column":4},"end":{"line":6,"column":17}},"3":{"start":{"line":10,"column":4},"end":{"line":10,"column":40}},"4":{"start":{"line":14,"column":4},"end":{"line":14,"column":36}},"5":{"start":{"line":18,"column":4},"end":{"line":18,"column":35}},"6":{"start":{"line":22,"column":4},"end":{"line":22,"column":43}},"7":{"start":{"line":26,"column":4},"end":{"line":26,"column":48}},"8":{"start":{"line":30,"column":4},"end":{"line":30,"column":42}},"9":{"start":{"line":34,"column":4},"end":{"line":34,"column":41}},"10":{"start":{"line":38,"column":0},"end":{"line":38,"column":45}}},"fnMap":{"0":{"name":"(anonymous_6)","decl":{"start":{"line":5,"column":2},"end":{"line":5,"column":14}},"loc":{"start":{"line":5,"column":19},"end":{"line":7,"column":3}}}},"branchMap":{},"s":{"0":1,"1":1,"2":1,"3":1,"4":5,"5":3,"6":6,"7":2,"8":1,"9":22,"10":1},"f":{"0":1},"b":{}}
,"/home/trainode7/express-server/src/repositories/user/UserSchema.ts": {"path":"/home/trainode7/express-server/src/repositories/user/UserSchema.ts","statementMap":{"0":{"start":{"line":1,"column":0},"end":{"line":1,"column":51}},"1":{"start":{"line":24,"column":4},"end":{"line":24,"column":22}},"2":{"start":{"line":28,"column":0},"end":{"line":28,"column":26}}},"fnMap":{"0":{"name":"(anonymous_0)","decl":{"start":{"line":15,"column":2},"end":{"line":15,"column":null}},"loc":{"start":{"line":15,"column":2},"end":{"line":25,"column":3}}}},"branchMap":{},"s":{"0":1,"1":1,"2":1},"f":{"0":1},"b":{}}
,"/home/trainode7/express-server/src/repositories/user/index.ts": {"path":"/home/trainode7/express-server/src/repositories/user/index.ts","statementMap":{"0":{"start":{"line":1,"column":0},"end":{"line":1,"column":9}},"1":{"start":{"line":1,"column":9},"end":{"line":1,"column":30}},"2":{"start":{"line":2,"column":0},"end":{"line":2,"column":9}},"3":{"start":{"line":2,"column":9},"end":{"line":2,"column":29}},"4":{"start":{"line":3,"column":0},"end":{"line":3,"column":9}},"5":{"start":{"line":3,"column":9},"end":{"line":3,"column":34}}},"fnMap":{},"branchMap":{},"s":{"0":1,"1":1,"2":1,"3":1,"4":1,"5":1},"f":{},"b":{}}
,"/home/trainode7/express-server/src/repositories/user/userModel.ts": {"path":"/home/trainode7/express-server/src/repositories/user/userModel.ts","statementMap":{"0":{"start":{"line":1,"column":0},"end":{"line":1,"column":33}},"1":{"start":{"line":2,"column":0},"end":{"line":2,"column":38}},"2":{"start":{"line":24,"column":23},"end":{"line":24,"column":30}},"3":{"start":{"line":25,"column":18},"end":{"line":25,"column":57}},"4":{"start":{"line":27,"column":0},"end":{"line":27,"column":25}}},"fnMap":{},"branchMap":{},"s":{"0":1,"1":1,"2":1,"3":1,"4":1},"f":{},"b":{}}
,"/home/trainode7/express-server/src/repositories/versionable/VersionableRepository.ts": {"path":"/home/trainode7/express-server/src/repositories/versionable/VersionableRepository.ts","statementMap":{"0":{"start":{"line":1,"column":0},"end":{"line":1,"column":33}},"1":{"start":{"line":8,"column":22},"end":{"line":8,"column":30}},"2":{"start":{"line":5,"column":4},"end":{"line":5,"column":36}},"3":{"start":{"line":11,"column":4},"end":{"line":11,"column":45}},"4":{"start":{"line":15,"column":15},"end":{"line":15,"column":55}},"5":{"start":{"line":16,"column":26},"end":{"line":19,"column":null}},"6":{"start":{"line":21,"column":19},"end":{"line":21,"column":45}},"7":{"start":{"line":24,"column":6},"end":{"line":24,"column":41}},"8":{"start":{"line":26,"column":4},"end":{"line":26,"column":18}},"9":{"start":{"line":30,"column":28},"end":{"line":30,"column":33}},"10":{"start":{"line":31,"column":19},"end":{"line":31,"column":94}},"11":{"start":{"line":33,"column":6},"end":{"line":33,"column":40}},"12":{"start":{"line":35,"column":4},"end":{"line":35,"column":18}},"13":{"start":{"line":39,"column":19},"end":{"line":39,"column":79}},"14":{"start":{"line":41,"column":6},"end":{"line":41,"column":44}},"15":{"start":{"line":43,"column":4},"end":{"line":43,"column":18}},"16":{"start":{"line":47,"column":19},"end":{"line":47,"column":76}},"17":{"start":{"line":49,"column":6},"end":{"line":49,"column":42}},"18":{"start":{"line":51,"column":4},"end":{"line":51,"column":18}},"19":{"start":{"line":55,"column":19},"end":{"line":55,"column":87}},"20":{"start":{"line":57,"column":6},"end":{"line":57,"column":41}},"21":{"start":{"line":59,"column":4},"end":{"line":59,"column":18}},"22":{"start":{"line":63,"column":20},"end":{"line":63,"column":50}},"23":{"start":{"line":64,"column":19},"end":{"line":64,"column":37}},"24":{"start":{"line":65,"column":20},"end":{"line":65,"column":30}},"25":{"start":{"line":66,"column":4},"end":{"line":66,"column":32}},"26":{"start":{"line":67,"column":4},"end":{"line":67,"column":31}},"27":{"start":{"line":68,"column":4},"end":{"line":68,"column":64}},"28":{"start":{"line":69,"column":4},"end":{"line":69,"column":32}},"29":{"start":{"line":71,"column":4},"end":{"line":71,"column":46}},"30":{"start":{"line":72,"column":19},"end":{"line":72,"column":50}},"31":{"start":{"line":74,"column":6},"end":{"line":74,"column":41}},"32":{"start":{"line":76,"column":4},"end":{"line":76,"column":18}},"33":{"start":{"line":81,"column":17},"end":{"line":81,"column":42}},"34":{"start":{"line":82,"column":4},"end":{"line":82,"column":35}},"35":{"start":{"line":83,"column":4},"end":{"line":83,"column":50}},"36":{"start":{"line":87,"column":0},"end":{"line":87,"column":37}}},"fnMap":{"0":{"name":"(anonymous_6)","decl":{"start":{"line":8,"column":2},"end":{"line":8,"column":22}},"loc":{"start":{"line":8,"column":27},"end":{"line":8,"column":31}}},"1":{"name":"(anonymous_7)","decl":{"start":{"line":4,"column":9},"end":{"line":4,"column":15}},"loc":{"start":{"line":4,"column":32},"end":{"line":6,"column":3}}}},"branchMap":{},"s":{"0":1,"1":1,"2":7,"3":1,"4":5,"5":5,"6":5,"7":0,"8":5,"9":3,"10":3,"11":0,"12":3,"13":6,"14":0,"15":6,"16":22,"17":1,"18":21,"19":3,"20":0,"21":3,"22":2,"23":2,"24":2,"25":2,"26":2,"27":2,"28":2,"29":2,"30":2,"31":0,"32":2,"33":1,"34":1,"35":1,"36":1},"f":{"0":1,"1":7},"b":{}}
,"/home/trainode7/express-server/src/repositories/versionable/VersionableSchema.ts": {"path":"/home/trainode7/express-server/src/repositories/versionable/VersionableSchema.ts","statementMap":{"0":{"start":{"line":1,"column":0},"end":{"line":1,"column":34}},"1":{"start":{"line":27,"column":26},"end":{"line":44,"column":18}},"2":{"start":{"line":46,"column":4},"end":{"line":46,"column":25}},"3":{"start":{"line":50,"column":0},"end":{"line":50,"column":33}}},"fnMap":{"0":{"name":"(anonymous_0)","decl":{"start":{"line":26,"column":2},"end":{"line":26,"column":14}},"loc":{"start":{"line":26,"column":29},"end":{"line":47,"column":3}}}},"branchMap":{},"s":{"0":1,"1":1,"2":1,"3":1},"f":{"0":1},"b":{}}
,"/home/trainode7/express-server/src/repositories/versionable/index.ts": {"path":"/home/trainode7/express-server/src/repositories/versionable/index.ts","statementMap":{"0":{"start":{"line":1,"column":0},"end":{"line":1,"column":9}},"1":{"start":{"line":1,"column":9},"end":{"line":1,"column":41}},"2":{"start":{"line":2,"column":0},"end":{"line":2,"column":9}},"3":{"start":{"line":2,"column":9},"end":{"line":2,"column":37}}},"fnMap":{},"branchMap":{},"s":{"0":1,"1":1,"2":1,"3":1},"f":{},"b":{}}
}
