TN:
SF:/home/trainode7/express-server/__mocks__/db.ts
FN:7,(anonymous_6)
FN:7,(anonymous_7)
FNF:2
FNH:2
FNDA:1,(anonymous_6)
FNDA:1,(anonymous_7)
DA:1,1
DA:3,1
DA:7,1
DA:9,1
DA:12,1
LF:5
LH:5
BRF:0
BRH:0
end_of_record
TN:
SF:/home/trainode7/express-server/__test__/constants.ts
FNF:0
FNH:0
DA:37,1
LF:1
LH:1
BRF:0
BRH:0
end_of_record
TN:
SF:/home/trainode7/express-server/src/Server.ts
FN:10,(anonymous_6)
FN:14,(anonymous_7)
FN:24,(anonymous_8)
FN:32,(anonymous_9)
FN:48,(anonymous_12)
FNF:5
FNH:4
FNDA:1,(anonymous_6)
FNDA:1,(anonymous_7)
FNDA:1,(anonymous_8)
FNDA:1,(anonymous_9)
FNDA:0,(anonymous_12)
DA:1,1
DA:2,1
DA:4,1
DA:5,1
DA:10,1
DA:11,1
DA:16,1
DA:17,1
DA:18,1
DA:20,0
DA:26,1
DA:28,0
DA:34,1
DA:35,1
DA:36,1
DA:38,0
DA:44,0
DA:45,0
DA:48,0
DA:50,0
DA:52,0
DA:55,0
DA:58,0
DA:63,1
LF:24
LH:14
BRF:0
BRH:0
end_of_record
TN:
SF:/home/trainode7/express-server/src/router.ts
FNF:0
FNH:0
DA:1,1
DA:2,1
DA:4,1
DA:6,1
DA:10,1
LF:5
LH:5
BRF:0
BRH:0
end_of_record
TN:
SF:/home/trainode7/express-server/src/config/configuration.ts
FNF:0
FNH:0
DA:1,1
DA:4,1
DA:5,1
DA:7,1
DA:14,1
LF:5
LH:5
BRF:0
BRH:0
end_of_record
TN:
SF:/home/trainode7/express-server/src/config/index.ts
FNF:0
FNH:0
DA:1,1
DA:2,1
LF:2
LH:2
BRF:0
BRH:0
end_of_record
TN:
SF:/home/trainode7/express-server/src/controllers/index.ts
FNF:0
FNH:0
DA:1,1
DA:2,1
LF:2
LH:2
BRF:0
BRH:0
end_of_record
TN:
SF:/home/trainode7/express-server/src/controllers/trainee/Controller.ts
FNF:0
FNH:0
DA:2,1
DA:3,1
DA:8,0
DA:9,0
DA:10,0
DA:11,0
DA:13,0
DA:23,0
DA:24,0
DA:25,0
DA:26,0
DA:28,0
DA:38,0
DA:39,0
DA:40,0
DA:41,0
DA:42,0
DA:44,0
DA:54,0
DA:55,0
DA:56,0
DA:57,0
DA:58,0
DA:60,0
DA:70,0
DA:71,0
DA:72,0
DA:74,0
DA:83,1
LF:29
LH:3
BRF:0
BRH:0
end_of_record
TN:
SF:/home/trainode7/express-server/src/controllers/trainee/index.ts
FNF:0
FNH:0
DA:1,1
DA:2,1
DA:3,1
LF:3
LH:3
BRF:0
BRH:0
end_of_record
TN:
SF:/home/trainode7/express-server/src/controllers/trainee/routes.ts
FNF:0
FNH:0
DA:1,1
DA:2,1
DA:3,1
DA:4,1
DA:6,1
DA:8,1
DA:40,1
LF:7
LH:7
BRF:0
BRH:0
end_of_record
TN:
SF:/home/trainode7/express-server/src/controllers/trainee/validation.ts
FNF:0
FNH:0
DA:62,1
LF:1
LH:1
BRF:0
BRH:0
end_of_record
TN:
SF:/home/trainode7/express-server/src/controllers/user/Controller.ts
FNF:0
FNH:0
DA:1,1
DA:3,1
DA:4,1
DA:5,1
DA:6,1
DA:11,2
DA:12,2
DA:13,2
DA:14,2
DA:16,0
DA:26,3
DA:27,3
DA:28,3
DA:30,0
DA:40,2
DA:41,2
DA:42,2
DA:44,0
DA:54,1
DA:55,1
DA:56,1
DA:58,0
DA:68,3
DA:69,3
DA:70,3
DA:71,3
DA:73,0
DA:83,4
DA:84,4
DA:85,3
DA:86,3
DA:88,0
DA:95,3
DA:96,3
DA:97,3
DA:99,1
DA:109,3
DA:110,3
DA:112,0
DA:121,1
LF:40
LH:33
BRF:0
BRH:0
end_of_record
TN:
SF:/home/trainode7/express-server/src/controllers/user/index.ts
FNF:0
FNH:0
DA:1,1
DA:2,1
DA:3,1
LF:3
LH:3
BRF:0
BRH:0
end_of_record
TN:
SF:/home/trainode7/express-server/src/controllers/user/routes.ts
FNF:0
FNH:0
DA:1,1
DA:2,1
DA:3,1
DA:4,1
DA:6,1
DA:8,1
DA:50,1
LF:7
LH:7
BRF:0
BRH:0
end_of_record
TN:
SF:/home/trainode7/express-server/src/controllers/user/validation.ts
FNF:0
FNH:0
DA:90,1
LF:1
LH:1
BRF:0
BRH:0
end_of_record
TN:
SF:/home/trainode7/express-server/src/libs/Database.ts
FN:6,(anonymous_8)
FN:8,(anonymous_9)
FN:13,(anonymous_10)
FN:19,(anonymous_11)
FNF:4
FNH:0
FNDA:0,(anonymous_8)
FNDA:0,(anonymous_9)
FNDA:0,(anonymous_10)
FNDA:0,(anonymous_11)
DA:1,1
DA:2,1
DA:4,1
DA:6,0
DA:7,0
DA:9,0
DA:10,0
DA:11,0
DA:14,0
DA:20,0
LF:10
LH:3
BRF:0
BRH:0
end_of_record
TN:
SF:/home/trainode7/express-server/src/libs/constants.ts
FNF:0
FNH:0
DA:3,1
DA:4,1
DA:5,1
DA:6,1
DA:7,1
DA:8,1
DA:9,1
DA:10,1
DA:28,1
LF:9
LH:9
BRF:0
BRH:0
end_of_record
TN:
SF:/home/trainode7/express-server/src/libs/index.ts
FNF:0
FNH:0
DA:1,1
DA:2,1
DA:3,1
DA:4,1
DA:5,1
DA:6,1
DA:7,1
DA:10,1
DA:11,1
DA:12,1
LF:10
LH:10
BRF:0
BRH:0
end_of_record
TN:
SF:/home/trainode7/express-server/src/libs/seedData.ts
FN:5,(anonymous_6)
FN:5,(anonymous_7)
FNF:2
FNH:2
FNDA:1,(anonymous_6)
FNDA:1,(anonymous_7)
DA:1,1
DA:2,1
DA:3,1
DA:5,1
DA:6,1
DA:8,1
DA:30,1
DA:31,1
DA:32,1
LF:9
LH:9
BRF:0
BRH:0
end_of_record
TN:
SF:/home/trainode7/express-server/src/libs/routes/authMiddleWare.ts
FN:7,(anonymous_0)
FN:7,(anonymous_1)
FNF:2
FNH:2
FNDA:11,(anonymous_0)
FNDA:18,(anonymous_1)
DA:2,1
DA:3,1
DA:4,1
DA:5,1
DA:7,11
DA:8,18
DA:12,18
DA:13,18
DA:15,0
DA:22,18
DA:25,18
DA:27,0
DA:35,4
DA:42,14
DA:44,14
LF:15
LH:13
BRF:0
BRH:0
end_of_record
TN:
SF:/home/trainode7/express-server/src/libs/routes/errorHandler.ts
FN:3,(anonymous_0)
FNF:1
FNH:1
FNDA:7,(anonymous_0)
DA:3,1
DA:4,7
DA:12,7
DA:13,7
LF:4
LH:4
BRDA:6,0,0,7
BRDA:6,0,1,0
BRDA:7,1,0,7
BRDA:7,1,1,0
BRDA:8,2,0,7
BRDA:8,2,1,0
BRF:6
BRH:3
end_of_record
TN:
SF:/home/trainode7/express-server/src/libs/routes/index.ts
FNF:0
FNH:0
DA:1,1
DA:2,1
DA:3,1
DA:4,1
DA:5,1
DA:6,1
LF:6
LH:6
BRF:0
BRH:0
end_of_record
TN:
SF:/home/trainode7/express-server/src/libs/routes/notFoundRoute.ts
FN:3,(anonymous_0)
FNF:1
FNH:1
FNDA:1,(anonymous_0)
DA:3,1
DA:4,1
LF:2
LH:2
BRF:0
BRH:0
end_of_record
TN:
SF:/home/trainode7/express-server/src/libs/routes/permission.ts
FN:3,hasPermission
FNF:1
FNH:1
FNDA:18,hasPermission
DA:1,1
DA:3,1
DA:4,18
DA:7,14
DA:9,4
LF:5
LH:5
BRDA:5,0,0,18
BRDA:5,0,1,18
BRDA:5,0,2,12
BRF:3
BRH:3
end_of_record
TN:
SF:/home/trainode7/express-server/src/libs/routes/successHandler.ts
FNF:0
FNH:0
DA:1,1
LF:1
LH:1
BRDA:3,0,0,14
BRDA:3,0,1,0
BRDA:4,1,0,14
BRDA:4,1,1,0
BRF:4
BRH:2
end_of_record
TN:
SF:/home/trainode7/express-server/src/libs/routes/validationHandler.ts
FN:3,(anonymous_0)
FN:3,(anonymous_1)
FN:5,(anonymous_2)
FN:7,(anonymous_3)
FN:10,(anonymous_4)
FN:67,(anonymous_5)
FNF:6
FNH:6
FNDA:11,(anonymous_0)
FNDA:20,(anonymous_1)
FNDA:40,(anonymous_2)
FNDA:40,(anonymous_3)
FNDA:40,(anonymous_4)
FNDA:3,(anonymous_5)
DA:3,11
DA:4,20
DA:5,20
DA:6,40
DA:7,40
DA:8,40
DA:10,40
DA:14,0
DA:24,0
DA:34,0
DA:44,11
DA:46,1
DA:57,0
DA:67,3
DA:68,3
DA:75,0
DA:80,20
LF:17
LH:12
BRDA:12,0,0,40
BRDA:12,0,1,40
BRDA:22,1,0,40
BRDA:22,1,1,40
BRDA:23,2,0,25
BRDA:23,2,1,25
BRDA:32,3,0,40
BRDA:32,3,1,40
BRDA:33,4,0,6
BRDA:33,4,1,0
BRDA:42,5,0,40
BRDA:42,5,1,40
BRDA:55,6,0,39
BRDA:55,6,1,39
BRDA:56,7,0,3
BRDA:56,7,1,3
BRDA:65,8,0,39
BRDA:65,8,1,39
BRDA:73,9,0,39
BRDA:73,9,1,39
BRF:20
BRH:19
end_of_record
TN:
SF:/home/trainode7/express-server/src/repositories/index.ts
FNF:0
FNH:0
DA:1,1
DA:2,1
DA:3,1
LF:3
LH:3
BRF:0
BRH:0
end_of_record
TN:
SF:/home/trainode7/express-server/src/repositories/trainee/TraineeModel.ts
FNF:0
FNH:0
DA:1,1
DA:2,1
DA:4,1
DA:6,1
LF:4
LH:4
BRF:0
BRH:0
end_of_record
TN:
SF:/home/trainode7/express-server/src/repositories/trainee/TraineeRepository.ts
FNF:0
FNH:0
DA:1,1
DA:5,0
DA:9,0
DA:13,0
DA:15,0
DA:17,0
DA:21,0
DA:25,0
DA:29,1
LF:9
LH:2
BRF:0
BRH:0
end_of_record
TN:
SF:/home/trainode7/express-server/src/repositories/trainee/TraineeSchema.ts
FNF:0
FNH:0
DA:1,1
DA:3,1
DA:11,1
LF:3
LH:3
BRF:0
BRH:0
end_of_record
TN:
SF:/home/trainode7/express-server/src/repositories/trainee/index.ts
FNF:0
FNH:0
DA:1,1
DA:2,1
DA:3,1
LF:3
LH:3
BRF:0
BRH:0
end_of_record
TN:
SF:/home/trainode7/express-server/src/repositories/user/UserRepository.ts
FN:5,(anonymous_6)
FNF:1
FNH:1
FNDA:1,(anonymous_6)
DA:1,1
DA:2,1
DA:6,1
DA:10,1
DA:14,5
DA:18,3
DA:22,6
DA:26,2
DA:30,1
DA:34,22
DA:38,1
LF:11
LH:11
BRF:0
BRH:0
end_of_record
TN:
SF:/home/trainode7/express-server/src/repositories/user/UserSchema.ts
FN:15,(anonymous_0)
FNF:1
FNH:1
FNDA:1,(anonymous_0)
DA:1,1
DA:24,1
DA:28,1
LF:3
LH:3
BRF:0
BRH:0
end_of_record
TN:
SF:/home/trainode7/express-server/src/repositories/user/index.ts
FNF:0
FNH:0
DA:1,1
DA:2,1
DA:3,1
LF:3
LH:3
BRF:0
BRH:0
end_of_record
TN:
SF:/home/trainode7/express-server/src/repositories/user/userModel.ts
FNF:0
FNH:0
DA:1,1
DA:2,1
DA:24,1
DA:25,1
DA:27,1
LF:5
LH:5
BRF:0
BRH:0
end_of_record
TN:
SF:/home/trainode7/express-server/src/repositories/versionable/VersionableRepository.ts
FN:8,(anonymous_6)
FN:4,(anonymous_7)
FNF:2
FNH:2
FNDA:1,(anonymous_6)
FNDA:7,(anonymous_7)
DA:1,1
DA:5,7
DA:8,1
DA:11,1
DA:15,5
DA:16,5
DA:21,5
DA:24,0
DA:26,5
DA:30,3
DA:31,3
DA:33,0
DA:35,3
DA:39,6
DA:41,0
DA:43,6
DA:47,22
DA:49,1
DA:51,21
DA:55,3
DA:57,0
DA:59,3
DA:63,2
DA:64,2
DA:65,2
DA:66,2
DA:67,2
DA:68,2
DA:69,2
DA:71,2
DA:72,2
DA:74,0
DA:76,2
DA:81,1
DA:82,1
DA:83,1
DA:87,1
LF:37
LH:32
BRF:0
BRH:0
end_of_record
TN:
SF:/home/trainode7/express-server/src/repositories/versionable/VersionableSchema.ts
FN:26,(anonymous_0)
FNF:1
FNH:1
FNDA:1,(anonymous_0)
DA:1,1
DA:27,1
DA:46,1
DA:50,1
LF:4
LH:4
BRF:0
BRH:0
end_of_record
TN:
SF:/home/trainode7/express-server/src/repositories/versionable/index.ts
FNF:0
FNH:0
DA:1,1
DA:2,1
LF:2
LH:2
BRF:0
BRH:0
end_of_record
